
> nctb-study-companion-starter@0.1.0 dev
> next dev

▲ Next.js 16.2.9 (Turbopack)
- Local:         http://localhost:3000
- Network:       http://192.168.0.228:3000
- Environments: .env.local, .env
✓ Ready in 715ms

○ Compiling /reader ...
 GET /reader 200 in 9.4s (next.js: 8.0s, proxy.ts: 277ms, application-code: 1100ms)
 GET /api/books/class6/index 200 in 1289ms (next.js: 1181ms, application-code: 108ms)
 GET /api/books/class6/pages/6 200 in 1913ms (next.js: 1877ms, application-code: 36ms)
○ Compiling /_error ...
 POST /api/agent/learning-loop 500 in 5.2s (next.js: 4.8s, application-code: 365ms)
 GET / 200 in 1823ms (next.js: 1560ms, proxy.ts: 14ms, application-code: 249ms)
 GET /reader 200 in 230ms (next.js: 13ms, proxy.ts: 16ms, application-code: 202ms)
 GET /api/books/class6/index 200 in 29ms (next.js: 8ms, application-code: 20ms)
 GET /api/books/class6/pages/6 200 in 62ms (next.js: 36ms, application-code: 27ms)
 GET /api/books/class6/pages/7 200 in 47ms (next.js: 27ms, application-code: 20ms)
 GET /api/books/class6/pages/8 200 in 21ms (next.js: 7ms, application-code: 14ms)
 GET /api/books/class6/pages/9 200 in 34ms (next.js: 8ms, application-code: 26ms)
 GET /api/books/class6/pages/10 200 in 36ms (next.js: 19ms, application-code: 17ms)
 GET /api/books/class6/pages/11 200 in 33ms (next.js: 9ms, application-code: 24ms)
 GET /api/books/class6/pages/12 200 in 21ms (next.js: 7ms, application-code: 14ms)
 POST /api/agent/learning-loop 500 in 238ms (next.js: 157ms, application-code: 82ms)
 GET /reader 200 in 255ms (next.js: 13ms, proxy.ts: 17ms, application-code: 225ms)
 GET /api/books/class6/index 200 in 46ms (next.js: 11ms, application-code: 35ms)
 GET /api/books/class6/pages/6 200 in 75ms (next.js: 44ms, application-code: 31ms)
 GET /api/books/class6/pages/7 200 in 38ms (next.js: 24ms, application-code: 14ms)
 GET /api/books/class6/pages/8 200 in 23ms (next.js: 6ms, application-code: 17ms)
 GET /api/books/class6/pages/9 200 in 24ms (next.js: 7ms, application-code: 17ms)
 GET /api/books/class6/pages/10 200 in 33ms (next.js: 7ms, application-code: 26ms)
 GET /api/books/class6/pages/11 200 in 25ms (next.js: 6ms, application-code: 19ms)
 GET /api/books/class6/pages/12 200 in 22ms (next.js: 7ms, application-code: 14ms)
 GET /api/books/class6/pages/13 200 in 20ms (next.js: 10ms, application-code: 10ms)
 GET /api/books/class6/pages/14 200 in 60ms (next.js: 34ms, application-code: 27ms)
 GET /api/books/class6/pages/15 200 in 23ms (next.js: 8ms, application-code: 15ms)
 GET /api/books/class6/pages/16 200 in 27ms (next.js: 9ms, application-code: 18ms)
 GET /api/books/class6/pages/17 200 in 27ms (next.js: 8ms, application-code: 19ms)
 GET /api/books/class6/pages/18 200 in 26ms (next.js: 9ms, application-code: 17ms)
 GET /api/books/class6/pages/19 200 in 46ms (next.js: 24ms, application-code: 21ms)
 GET /api/books/class6/pages/20 200 in 88ms (next.js: 29ms, application-code: 59ms)
 POST /api/agent/learning-loop 500 in 219ms (next.js: 170ms, application-code: 49ms)
 POST /api/agent/learning-loop 500 in 167ms (next.js: 126ms, application-code: 42ms)
 POST /api/agent/learning-loop 500 in 160ms (next.js: 115ms, application-code: 45ms)
 POST /api/agent/learning-loop 500 in 125ms (next.js: 101ms, application-code: 23ms)
 POST /api/agent/learning-loop 500 in 169ms (next.js: 128ms, application-code: 41ms)
 GET /reader 200 in 289ms (next.js: 13ms, proxy.ts: 16ms, application-code: 259ms)
 GET /api/books/class6/index 200 in 41ms (next.js: 12ms, application-code: 29ms)
 GET /api/books/class6/pages/6 200 in 60ms (next.js: 39ms, application-code: 21ms)
 GET /api/books/class6/pages/7 200 in 54ms (next.js: 30ms, application-code: 24ms)
 GET /api/books/class6/pages/8 200 in 40ms (next.js: 14ms, application-code: 26ms)
 GET /api/books/class6/pages/9 200 in 27ms (next.js: 7ms, application-code: 21ms)
 GET /api/books/class6/pages/10 200 in 26ms (next.js: 6ms, application-code: 20ms)
 GET /api/books/class6/pages/11 200 in 30ms (next.js: 9ms, application-code: 21ms)
 GET /api/books/class6/pages/12 200 in 30ms (next.js: 9ms, application-code: 21ms)
 GET /api/books/class6/pages/13 200 in 26ms (next.js: 7ms, application-code: 18ms)
 GET /api/books/class6/pages/14 200 in 43ms (next.js: 24ms, application-code: 19ms)
 POST /api/agent/learning-loop 500 in 185ms (next.js: 136ms, application-code: 49ms)
 GET /reader 200 in 301ms (next.js: 17ms, proxy.ts: 13ms, application-code: 271ms)
 GET /api/books/class6/index 200 in 43ms (next.js: 10ms, application-code: 32ms)
 GET /api/books/class6/pages/6 200 in 67ms (next.js: 37ms, application-code: 29ms)
 GET /api/books/class6/pages/7 200 in 49ms (next.js: 28ms, application-code: 21ms)
 GET /api/books/class6/pages/8 200 in 28ms (next.js: 8ms, application-code: 20ms)
 GET /api/books/class6/pages/9 200 in 29ms (next.js: 6ms, application-code: 23ms)
 GET /api/books/class6/pages/10 200 in 31ms (next.js: 8ms, application-code: 22ms)
 GET /api/books/class6/pages/11 200 in 27ms (next.js: 8ms, application-code: 19ms)
 GET /api/books/class6/pages/12 200 in 53ms (next.js: 30ms, application-code: 24ms)
 POST /api/agent/learning-loop 500 in 220ms (next.js: 169ms, application-code: 51ms)
